[0m21:24:36.763504 [debug] [MainThread]: Sending event: {'category': 'dbt', 'action': 'invocation', 'label': 'start', 'context': [<snowplow_tracker.self_describing_json.SelfDescribingJson object at 0x0000028117CC2B10>, <snowplow_tracker.self_describing_json.SelfDescribingJson object at 0x00000281184027E0>, <snowplow_tracker.self_describing_json.SelfDescribingJson object at 0x00000281181DF620>]}


============================== 21:24:36.770097 | 735c5375-2346-4561-a2e1-fb87caa1b035 ==============================
[0m21:24:36.770097 [info ] [MainThread]: Running with dbt=1.8.8
[0m21:24:36.771103 [debug] [MainThread]: running dbt with arguments {'printer_width': '80', 'indirect_selection': 'eager', 'write_json': 'True', 'log_cache_events': 'False', 'partial_parse': 'True', 'cache_selected_only': 'False', 'warn_error': 'None', 'fail_fast': 'False', 'profiles_dir': 'C:\\Users\\stanl\\.dbt', 'log_path': 'logs', 'debug': 'False', 'version_check': 'True', 'use_colors': 'True', 'use_experimental_parser': 'False', 'empty': 'None', 'quiet': 'False', 'no_print': 'None', 'log_format': 'default', 'introspect': 'True', 'static_parser': 'True', 'warn_error_options': 'WarnErrorOptions(include=[], exclude=[])', 'target_path': 'None', 'invocation_command': 'dbt init', 'send_anonymous_usage_stats': 'True'}
[0m21:24:46.597475 [debug] [MainThread]: Starter project path: C:\Users\stanl\AppData\Local\Packages\PythonSoftwareFoundation.Python.3.12_qbz5n2kfra8p0\LocalCache\local-packages\Python312\site-packages\dbt\include\starter_project
[0m21:24:46.618556 [info ] [MainThread]: 
Your new dbt project "etl_pipeline" was created!

For more information on how to configure the profiles.yml file,
please consult the dbt documentation here:

  https://docs.getdbt.com/docs/configure-your-profile

One more thing:

Need help? Don't hesitate to reach out to us via GitHub issues or on Slack:

  https://community.getdbt.com/

Happy modeling!

[0m21:24:46.620563 [info ] [MainThread]: Setting up your profile.
[0m21:27:04.612246 [info ] [MainThread]: Profile etl_pipeline written to C:\Users\stanl\.dbt\profiles.yml using target's profile_template.yml and your supplied values. Run 'dbt debug' to validate the connection.
[0m21:27:04.617245 [debug] [MainThread]: Command `dbt init` succeeded at 21:27:04.616244 after 148.06 seconds
[0m21:27:04.617245 [debug] [MainThread]: Sending event: {'category': 'dbt', 'action': 'invocation', 'label': 'end', 'context': [<snowplow_tracker.self_describing_json.SelfDescribingJson object at 0x000002811B62B740>, <snowplow_tracker.self_describing_json.SelfDescribingJson object at 0x0000028118EA2930>, <snowplow_tracker.self_describing_json.SelfDescribingJson object at 0x00000281323B1AF0>]}
[0m21:27:04.618245 [debug] [MainThread]: Flushing usage events
[0m21:30:23.949891 [debug] [MainThread]: Sending event: {'category': 'dbt', 'action': 'invocation', 'label': 'start', 'context': [<snowplow_tracker.self_describing_json.SelfDescribingJson object at 0x0000019A1EDE8530>, <snowplow_tracker.self_describing_json.SelfDescribingJson object at 0x0000019A1EDE85F0>, <snowplow_tracker.self_describing_json.SelfDescribingJson object at 0x0000019A1EDE8470>]}


============================== 21:30:23.954892 | 10b17c67-3f3e-4a6d-8980-143e66ec6348 ==============================
[0m21:30:23.954892 [info ] [MainThread]: Running with dbt=1.8.8
[0m21:30:23.955907 [debug] [MainThread]: running dbt with arguments {'printer_width': '80', 'indirect_selection': 'eager', 'log_cache_events': 'False', 'write_json': 'True', 'partial_parse': 'True', 'cache_selected_only': 'False', 'profiles_dir': 'C:\\Users\\stanl\\.dbt', 'fail_fast': 'False', 'version_check': 'True', 'log_path': 'logs', 'debug': 'False', 'warn_error': 'None', 'use_colors': 'True', 'use_experimental_parser': 'False', 'empty': 'None', 'quiet': 'False', 'no_print': 'None', 'warn_error_options': 'WarnErrorOptions(include=[], exclude=[])', 'introspect': 'True', 'invocation_command': 'dbt deps', 'static_parser': 'True', 'target_path': 'None', 'log_format': 'default', 'send_anonymous_usage_stats': 'True'}
[0m21:30:23.955907 [error] [MainThread]: Encountered an error:
Runtime Error
  No dbt_project.yml found at expected path C:\Users\stanl\Desktop\news_etl_pipeline\dbt_project.yml
  Verify that each entry within packages.yml (and their transitive dependencies) contains a file named dbt_project.yml
  
[0m21:30:23.959325 [debug] [MainThread]: Command `dbt deps` failed at 21:30:23.959325 after 0.16 seconds
[0m21:30:23.959325 [debug] [MainThread]: Sending event: {'category': 'dbt', 'action': 'invocation', 'label': 'end', 'context': [<snowplow_tracker.self_describing_json.SelfDescribingJson object at 0x0000019A1D6233B0>, <snowplow_tracker.self_describing_json.SelfDescribingJson object at 0x0000019A1F003F80>, <snowplow_tracker.self_describing_json.SelfDescribingJson object at 0x0000019A1F003770>]}
[0m21:30:23.960325 [debug] [MainThread]: Flushing usage events
